<?xml version="1.0" encoding="UTF-8"?>
<testng-results skipped="0" failed="0" total="1" passed="1">
  <reporter-output>
  </reporter-output>
  <suite name="Surefire suite" duration-ms="91" started-at="2018-04-21T17:40:48Z" finished-at="2018-04-21T17:40:48Z">
    <groups>
    </groups>
    <test name="Surefire test" duration-ms="91" started-at="2018-04-21T17:40:48Z" finished-at="2018-04-21T17:40:48Z">
      <class name="co.sys.ControlApplicationTest">
        <test-method status="PASS" signature="contextLoads()[pri:0, instance:contextLoads(co.sys.ControlApplicationTest)]" name="contextLoads" duration-ms="3" started-at="2018-04-21T19:40:48Z" finished-at="2018-04-21T19:40:48Z">
          <reporter-output>
          </reporter-output>
        </test-method> <!-- contextLoads -->
      </class> <!-- co.sys.ControlApplicationTest -->
    </test> <!-- Surefire test -->
  </suite> <!-- Surefire suite -->
</testng-results>
